E:\C++  FILES\05.JIEGOUTI\05.JIEGOUTI\DEBUG\01.DINGYI.OBJ
E:\C++  FILES\05.JIEGOUTI\05.JIEGOUTI\DEBUG\02.SHUZU.OBJ
E:\C++  FILES\05.JIEGOUTI\05.JIEGOUTI\DEBUG\03.嵌套.OBJ
E:\C++  FILES\05.JIEGOUTI\05.JIEGOUTI\DEBUG\05.JIEGOUTI.EXE.INTERMEDIATE.MANIFEST
E:\C++  files\05.jiegouti\05.jiegouti\Debug\05.jiegouti.vcxprojResolveAssemblyReference.cache
E:\C++  files\05.jiegouti\05.jiegouti\Debug\05.jiegouti.write.1.tlog
E:\C++  files\05.jiegouti\05.jiegouti\Debug\cl.command.1.tlog
E:\C++  files\05.jiegouti\05.jiegouti\Debug\CL.read.1.tlog
E:\C++  files\05.jiegouti\05.jiegouti\Debug\CL.write.1.tlog
E:\C++  files\05.jiegouti\05.jiegouti\Debug\link.command.1.tlog
E:\C++  files\05.jiegouti\05.jiegouti\Debug\link.read.1.tlog
E:\C++  files\05.jiegouti\05.jiegouti\Debug\link.write.1.tlog
E:\C++  files\05.jiegouti\05.jiegouti\Debug\mt.command.1.tlog
E:\C++  files\05.jiegouti\05.jiegouti\Debug\mt.read.1.tlog
E:\C++  files\05.jiegouti\05.jiegouti\Debug\mt.write.1.tlog
E:\C++  files\05.jiegouti\05.jiegouti\Debug\vc100.idb
E:\C++  FILES\05.JIEGOUTI\05.JIEGOUTI\DEBUG\VC100.PDB
E:\C++  FILES\05.JIEGOUTI\DEBUG\05.JIEGOUTI.EXE
E:\C++  FILES\05.JIEGOUTI\DEBUG\05.JIEGOUTI.ILK
E:\C++  FILES\05.JIEGOUTI\DEBUG\05.JIEGOUTI.PDB
